<?xml version="1.0" encoding="UTF-8"?>
<testsuite xmlns:xsi="http://www.w3.org/2001/XMLSchema-instance" xsi:noNamespaceSchemaLocation="https://maven.apache.org/surefire/maven-surefire-plugin/xsd/surefire-test-report.xsd" version="3.0.2" name="inicio.ApplicationTests" time="17.333" tests="4" errors="0" skipped="0" failures="0">
  <properties>
    <property name="java.specification.version" value="21"/>
    <property name="sun.jnu.encoding" value="UTF-8"/>
    <property name="java.class.path" value="/home/juanjo/IdeaProjects/microservicios-reactivos-webflux-kafka/03_microservicio-crud-productos-reactivo-tienda2/target/test-classes:/home/juanjo/IdeaProjects/microservicios-reactivos-webflux-kafka/03_microservicio-crud-productos-reactivo-tienda2/target/classes:/home/juanjo/.m2/repository/org/springframework/boot/spring-boot-starter-webflux/3.4.5/spring-boot-starter-webflux-3.4.5.jar:/home/juanjo/.m2/repository/org/springframework/boot/spring-boot-starter/3.4.5/spring-boot-starter-3.4.5.jar:/home/juanjo/.m2/repository/org/springframework/boot/spring-boot/3.4.5/spring-boot-3.4.5.jar:/home/juanjo/.m2/repository/org/springframework/spring-context/6.2.6/spring-context-6.2.6.jar:/home/juanjo/.m2/repository/org/springframework/spring-aop/6.2.6/spring-aop-6.2.6.jar:/home/juanjo/.m2/repository/org/springframework/spring-expression/6.2.6/spring-expression-6.2.6.jar:/home/juanjo/.m2/repository/org/springframework/boot/spring-boot-autoconfigure/3.4.5/spring-boot-autoconfigure-3.4.5.jar:/home/juanjo/.m2/repository/org/springframework/boot/spring-boot-starter-logging/3.4.5/spring-boot-starter-logging-3.4.5.jar:/home/juanjo/.m2/repository/ch/qos/logback/logback-classic/1.5.18/logback-classic-1.5.18.jar:/home/juanjo/.m2/repository/ch/qos/logback/logback-core/1.5.18/logback-core-1.5.18.jar:/home/juanjo/.m2/repository/org/apache/logging/log4j/log4j-to-slf4j/2.24.3/log4j-to-slf4j-2.24.3.jar:/home/juanjo/.m2/repository/org/apache/logging/log4j/log4j-api/2.24.3/log4j-api-2.24.3.jar:/home/juanjo/.m2/repository/org/slf4j/jul-to-slf4j/2.0.17/jul-to-slf4j-2.0.17.jar:/home/juanjo/.m2/repository/jakarta/annotation/jakarta.annotation-api/2.1.1/jakarta.annotation-api-2.1.1.jar:/home/juanjo/.m2/repository/org/yaml/snakeyaml/2.3/snakeyaml-2.3.jar:/home/juanjo/.m2/repository/org/springframework/boot/spring-boot-starter-json/3.4.5/spring-boot-starter-json-3.4.5.jar:/home/juanjo/.m2/repository/com/fasterxml/jackson/core/jackson-databind/2.18.3/jackson-databind-2.18.3.jar:/home/juanjo/.m2/repository/com/fasterxml/jackson/core/jackson-annotations/2.18.3/jackson-annotations-2.18.3.jar:/home/juanjo/.m2/repository/com/fasterxml/jackson/core/jackson-core/2.18.3/jackson-core-2.18.3.jar:/home/juanjo/.m2/repository/com/fasterxml/jackson/datatype/jackson-datatype-jdk8/2.18.3/jackson-datatype-jdk8-2.18.3.jar:/home/juanjo/.m2/repository/com/fasterxml/jackson/datatype/jackson-datatype-jsr310/2.18.3/jackson-datatype-jsr310-2.18.3.jar:/home/juanjo/.m2/repository/com/fasterxml/jackson/module/jackson-module-parameter-names/2.18.3/jackson-module-parameter-names-2.18.3.jar:/home/juanjo/.m2/repository/org/springframework/boot/spring-boot-starter-reactor-netty/3.4.5/spring-boot-starter-reactor-netty-3.4.5.jar:/home/juanjo/.m2/repository/io/projectreactor/netty/reactor-netty-http/1.2.5/reactor-netty-http-1.2.5.jar:/home/juanjo/.m2/repository/io/netty/netty-codec-http/4.1.119.Final/netty-codec-http-4.1.119.Final.jar:/home/juanjo/.m2/repository/io/netty/netty-common/4.1.119.Final/netty-common-4.1.119.Final.jar:/home/juanjo/.m2/repository/io/netty/netty-buffer/4.1.119.Final/netty-buffer-4.1.119.Final.jar:/home/juanjo/.m2/repository/io/netty/netty-transport/4.1.119.Final/netty-transport-4.1.119.Final.jar:/home/juanjo/.m2/repository/io/netty/netty-codec/4.1.119.Final/netty-codec-4.1.119.Final.jar:/home/juanjo/.m2/repository/io/netty/netty-handler/4.1.119.Final/netty-handler-4.1.119.Final.jar:/home/juanjo/.m2/repository/io/netty/netty-codec-http2/4.1.119.Final/netty-codec-http2-4.1.119.Final.jar:/home/juanjo/.m2/repository/io/netty/netty-resolver-dns/4.1.119.Final/netty-resolver-dns-4.1.119.Final.jar:/home/juanjo/.m2/repository/io/netty/netty-resolver/4.1.119.Final/netty-resolver-4.1.119.Final.jar:/home/juanjo/.m2/repository/io/netty/netty-codec-dns/4.1.119.Final/netty-codec-dns-4.1.119.Final.jar:/home/juanjo/.m2/repository/io/netty/netty-resolver-dns-native-macos/4.1.119.Final/netty-resolver-dns-native-macos-4.1.119.Final-osx-x86_64.jar:/home/juanjo/.m2/repository/io/netty/netty-resolver-dns-classes-macos/4.1.119.Final/netty-resolver-dns-classes-macos-4.1.119.Final.jar:/home/juanjo/.m2/repository/io/netty/netty-transport-native-epoll/4.1.119.Final/netty-transport-native-epoll-4.1.119.Final-linux-x86_64.jar:/home/juanjo/.m2/repository/io/netty/netty-transport-native-unix-common/4.1.119.Final/netty-transport-native-unix-common-4.1.119.Final.jar:/home/juanjo/.m2/repository/io/netty/netty-transport-classes-epoll/4.1.119.Final/netty-transport-classes-epoll-4.1.119.Final.jar:/home/juanjo/.m2/repository/io/projectreactor/netty/reactor-netty-core/1.2.5/reactor-netty-core-1.2.5.jar:/home/juanjo/.m2/repository/io/netty/netty-handler-proxy/4.1.119.Final/netty-handler-proxy-4.1.119.Final.jar:/home/juanjo/.m2/repository/io/netty/netty-codec-socks/4.1.119.Final/netty-codec-socks-4.1.119.Final.jar:/home/juanjo/.m2/repository/org/springframework/spring-web/6.2.6/spring-web-6.2.6.jar:/home/juanjo/.m2/repository/org/springframework/spring-beans/6.2.6/spring-beans-6.2.6.jar:/home/juanjo/.m2/repository/io/micrometer/micrometer-observation/1.14.6/micrometer-observation-1.14.6.jar:/home/juanjo/.m2/repository/io/micrometer/micrometer-commons/1.14.6/micrometer-commons-1.14.6.jar:/home/juanjo/.m2/repository/org/springframework/spring-webflux/6.2.6/spring-webflux-6.2.6.jar:/home/juanjo/.m2/repository/org/projectlombok/lombok/1.18.38/lombok-1.18.38.jar:/home/juanjo/.m2/repository/org/springframework/boot/spring-boot-starter-test/3.4.5/spring-boot-starter-test-3.4.5.jar:/home/juanjo/.m2/repository/org/springframework/boot/spring-boot-test/3.4.5/spring-boot-test-3.4.5.jar:/home/juanjo/.m2/repository/org/springframework/boot/spring-boot-test-autoconfigure/3.4.5/spring-boot-test-autoconfigure-3.4.5.jar:/home/juanjo/.m2/repository/com/jayway/jsonpath/json-path/2.9.0/json-path-2.9.0.jar:/home/juanjo/.m2/repository/org/slf4j/slf4j-api/2.0.17/slf4j-api-2.0.17.jar:/home/juanjo/.m2/repository/jakarta/xml/bind/jakarta.xml.bind-api/4.0.2/jakarta.xml.bind-api-4.0.2.jar:/home/juanjo/.m2/repository/jakarta/activation/jakarta.activation-api/2.1.3/jakarta.activation-api-2.1.3.jar:/home/juanjo/.m2/repository/net/minidev/json-smart/2.5.2/json-smart-2.5.2.jar:/home/juanjo/.m2/repository/net/minidev/accessors-smart/2.5.2/accessors-smart-2.5.2.jar:/home/juanjo/.m2/repository/org/ow2/asm/asm/9.7.1/asm-9.7.1.jar:/home/juanjo/.m2/repository/org/assertj/assertj-core/3.26.3/assertj-core-3.26.3.jar:/home/juanjo/.m2/repository/net/bytebuddy/byte-buddy/1.15.11/byte-buddy-1.15.11.jar:/home/juanjo/.m2/repository/org/awaitility/awaitility/4.2.2/awaitility-4.2.2.jar:/home/juanjo/.m2/repository/org/hamcrest/hamcrest/2.2/hamcrest-2.2.jar:/home/juanjo/.m2/repository/org/junit/jupiter/junit-jupiter/5.11.4/junit-jupiter-5.11.4.jar:/home/juanjo/.m2/repository/org/junit/jupiter/junit-jupiter-api/5.11.4/junit-jupiter-api-5.11.4.jar:/home/juanjo/.m2/repository/org/opentest4j/opentest4j/1.3.0/opentest4j-1.3.0.jar:/home/juanjo/.m2/repository/org/junit/platform/junit-platform-commons/1.11.4/junit-platform-commons-1.11.4.jar:/home/juanjo/.m2/repository/org/apiguardian/apiguardian-api/1.1.2/apiguardian-api-1.1.2.jar:/home/juanjo/.m2/repository/org/junit/jupiter/junit-jupiter-params/5.11.4/junit-jupiter-params-5.11.4.jar:/home/juanjo/.m2/repository/org/junit/jupiter/junit-jupiter-engine/5.11.4/junit-jupiter-engine-5.11.4.jar:/home/juanjo/.m2/repository/org/junit/platform/junit-platform-engine/1.11.4/junit-platform-engine-1.11.4.jar:/home/juanjo/.m2/repository/org/mockito/mockito-core/5.14.2/mockito-core-5.14.2.jar:/home/juanjo/.m2/repository/net/bytebuddy/byte-buddy-agent/1.15.11/byte-buddy-agent-1.15.11.jar:/home/juanjo/.m2/repository/org/objenesis/objenesis/3.3/objenesis-3.3.jar:/home/juanjo/.m2/repository/org/mockito/mockito-junit-jupiter/5.14.2/mockito-junit-jupiter-5.14.2.jar:/home/juanjo/.m2/repository/org/skyscreamer/jsonassert/1.5.3/jsonassert-1.5.3.jar:/home/juanjo/.m2/repository/com/vaadin/external/google/android-json/0.0.20131108.vaadin1/android-json-0.0.20131108.vaadin1.jar:/home/juanjo/.m2/repository/org/springframework/spring-core/6.2.6/spring-core-6.2.6.jar:/home/juanjo/.m2/repository/org/springframework/spring-jcl/6.2.6/spring-jcl-6.2.6.jar:/home/juanjo/.m2/repository/org/springframework/spring-test/6.2.6/spring-test-6.2.6.jar:/home/juanjo/.m2/repository/org/xmlunit/xmlunit-core/2.10.0/xmlunit-core-2.10.0.jar:/home/juanjo/.m2/repository/io/projectreactor/reactor-test/3.7.5/reactor-test-3.7.5.jar:/home/juanjo/.m2/repository/io/projectreactor/reactor-core/3.7.5/reactor-core-3.7.5.jar:/home/juanjo/.m2/repository/org/reactivestreams/reactive-streams/1.0.4/reactive-streams-1.0.4.jar:"/>
    <property name="java.vm.vendor" value="Microsoft"/>
    <property name="sun.arch.data.model" value="64"/>
    <property name="java.vendor.url" value="https://www.microsoft.com"/>
    <property name="user.timezone" value="Europe/Madrid"/>
    <property name="os.name" value="Linux"/>
    <property name="java.vm.specification.version" value="21"/>
    <property name="APPLICATION_NAME" value="03_microservicio-crud-productos-reactivo"/>
    <property name="sun.java.launcher" value="SUN_STANDARD"/>
    <property name="user.country" value="ES"/>
    <property name="sun.boot.library.path" value="/home/juanjo/.jdks/ms-21.0.7/lib"/>
    <property name="sun.java.command" value="/home/juanjo/IdeaProjects/microservicios-reactivos-webflux-kafka/03_microservicio-crud-productos-reactivo-tienda2/target/surefire/surefirebooter-20250511074220199_3.jar /home/juanjo/IdeaProjects/microservicios-reactivos-webflux-kafka/03_microservicio-crud-productos-reactivo-tienda2/target/surefire 2025-05-11T07-42-20_034-jvmRun1 surefire-20250511074220199_1tmp surefire_0-20250511074220199_2tmp"/>
    <property name="jdk.debug" value="release"/>
    <property name="surefire.test.class.path" value="/home/juanjo/IdeaProjects/microservicios-reactivos-webflux-kafka/03_microservicio-crud-productos-reactivo-tienda2/target/test-classes:/home/juanjo/IdeaProjects/microservicios-reactivos-webflux-kafka/03_microservicio-crud-productos-reactivo-tienda2/target/classes:/home/juanjo/.m2/repository/org/springframework/boot/spring-boot-starter-webflux/3.4.5/spring-boot-starter-webflux-3.4.5.jar:/home/juanjo/.m2/repository/org/springframework/boot/spring-boot-starter/3.4.5/spring-boot-starter-3.4.5.jar:/home/juanjo/.m2/repository/org/springframework/boot/spring-boot/3.4.5/spring-boot-3.4.5.jar:/home/juanjo/.m2/repository/org/springframework/spring-context/6.2.6/spring-context-6.2.6.jar:/home/juanjo/.m2/repository/org/springframework/spring-aop/6.2.6/spring-aop-6.2.6.jar:/home/juanjo/.m2/repository/org/springframework/spring-expression/6.2.6/spring-expression-6.2.6.jar:/home/juanjo/.m2/repository/org/springframework/boot/spring-boot-autoconfigure/3.4.5/spring-boot-autoconfigure-3.4.5.jar:/home/juanjo/.m2/repository/org/springframework/boot/spring-boot-starter-logging/3.4.5/spring-boot-starter-logging-3.4.5.jar:/home/juanjo/.m2/repository/ch/qos/logback/logback-classic/1.5.18/logback-classic-1.5.18.jar:/home/juanjo/.m2/repository/ch/qos/logback/logback-core/1.5.18/logback-core-1.5.18.jar:/home/juanjo/.m2/repository/org/apache/logging/log4j/log4j-to-slf4j/2.24.3/log4j-to-slf4j-2.24.3.jar:/home/juanjo/.m2/repository/org/apache/logging/log4j/log4j-api/2.24.3/log4j-api-2.24.3.jar:/home/juanjo/.m2/repository/org/slf4j/jul-to-slf4j/2.0.17/jul-to-slf4j-2.0.17.jar:/home/juanjo/.m2/repository/jakarta/annotation/jakarta.annotation-api/2.1.1/jakarta.annotation-api-2.1.1.jar:/home/juanjo/.m2/repository/org/yaml/snakeyaml/2.3/snakeyaml-2.3.jar:/home/juanjo/.m2/repository/org/springframework/boot/spring-boot-starter-json/3.4.5/spring-boot-starter-json-3.4.5.jar:/home/juanjo/.m2/repository/com/fasterxml/jackson/core/jackson-databind/2.18.3/jackson-databind-2.18.3.jar:/home/juanjo/.m2/repository/com/fasterxml/jackson/core/jackson-annotations/2.18.3/jackson-annotations-2.18.3.jar:/home/juanjo/.m2/repository/com/fasterxml/jackson/core/jackson-core/2.18.3/jackson-core-2.18.3.jar:/home/juanjo/.m2/repository/com/fasterxml/jackson/datatype/jackson-datatype-jdk8/2.18.3/jackson-datatype-jdk8-2.18.3.jar:/home/juanjo/.m2/repository/com/fasterxml/jackson/datatype/jackson-datatype-jsr310/2.18.3/jackson-datatype-jsr310-2.18.3.jar:/home/juanjo/.m2/repository/com/fasterxml/jackson/module/jackson-module-parameter-names/2.18.3/jackson-module-parameter-names-2.18.3.jar:/home/juanjo/.m2/repository/org/springframework/boot/spring-boot-starter-reactor-netty/3.4.5/spring-boot-starter-reactor-netty-3.4.5.jar:/home/juanjo/.m2/repository/io/projectreactor/netty/reactor-netty-http/1.2.5/reactor-netty-http-1.2.5.jar:/home/juanjo/.m2/repository/io/netty/netty-codec-http/4.1.119.Final/netty-codec-http-4.1.119.Final.jar:/home/juanjo/.m2/repository/io/netty/netty-common/4.1.119.Final/netty-common-4.1.119.Final.jar:/home/juanjo/.m2/repository/io/netty/netty-buffer/4.1.119.Final/netty-buffer-4.1.119.Final.jar:/home/juanjo/.m2/repository/io/netty/netty-transport/4.1.119.Final/netty-transport-4.1.119.Final.jar:/home/juanjo/.m2/repository/io/netty/netty-codec/4.1.119.Final/netty-codec-4.1.119.Final.jar:/home/juanjo/.m2/repository/io/netty/netty-handler/4.1.119.Final/netty-handler-4.1.119.Final.jar:/home/juanjo/.m2/repository/io/netty/netty-codec-http2/4.1.119.Final/netty-codec-http2-4.1.119.Final.jar:/home/juanjo/.m2/repository/io/netty/netty-resolver-dns/4.1.119.Final/netty-resolver-dns-4.1.119.Final.jar:/home/juanjo/.m2/repository/io/netty/netty-resolver/4.1.119.Final/netty-resolver-4.1.119.Final.jar:/home/juanjo/.m2/repository/io/netty/netty-codec-dns/4.1.119.Final/netty-codec-dns-4.1.119.Final.jar:/home/juanjo/.m2/repository/io/netty/netty-resolver-dns-native-macos/4.1.119.Final/netty-resolver-dns-native-macos-4.1.119.Final-osx-x86_64.jar:/home/juanjo/.m2/repository/io/netty/netty-resolver-dns-classes-macos/4.1.119.Final/netty-resolver-dns-classes-macos-4.1.119.Final.jar:/home/juanjo/.m2/repository/io/netty/netty-transport-native-epoll/4.1.119.Final/netty-transport-native-epoll-4.1.119.Final-linux-x86_64.jar:/home/juanjo/.m2/repository/io/netty/netty-transport-native-unix-common/4.1.119.Final/netty-transport-native-unix-common-4.1.119.Final.jar:/home/juanjo/.m2/repository/io/netty/netty-transport-classes-epoll/4.1.119.Final/netty-transport-classes-epoll-4.1.119.Final.jar:/home/juanjo/.m2/repository/io/projectreactor/netty/reactor-netty-core/1.2.5/reactor-netty-core-1.2.5.jar:/home/juanjo/.m2/repository/io/netty/netty-handler-proxy/4.1.119.Final/netty-handler-proxy-4.1.119.Final.jar:/home/juanjo/.m2/repository/io/netty/netty-codec-socks/4.1.119.Final/netty-codec-socks-4.1.119.Final.jar:/home/juanjo/.m2/repository/org/springframework/spring-web/6.2.6/spring-web-6.2.6.jar:/home/juanjo/.m2/repository/org/springframework/spring-beans/6.2.6/spring-beans-6.2.6.jar:/home/juanjo/.m2/repository/io/micrometer/micrometer-observation/1.14.6/micrometer-observation-1.14.6.jar:/home/juanjo/.m2/repository/io/micrometer/micrometer-commons/1.14.6/micrometer-commons-1.14.6.jar:/home/juanjo/.m2/repository/org/springframework/spring-webflux/6.2.6/spring-webflux-6.2.6.jar:/home/juanjo/.m2/repository/org/projectlombok/lombok/1.18.38/lombok-1.18.38.jar:/home/juanjo/.m2/repository/org/springframework/boot/spring-boot-starter-test/3.4.5/spring-boot-starter-test-3.4.5.jar:/home/juanjo/.m2/repository/org/springframework/boot/spring-boot-test/3.4.5/spring-boot-test-3.4.5.jar:/home/juanjo/.m2/repository/org/springframework/boot/spring-boot-test-autoconfigure/3.4.5/spring-boot-test-autoconfigure-3.4.5.jar:/home/juanjo/.m2/repository/com/jayway/jsonpath/json-path/2.9.0/json-path-2.9.0.jar:/home/juanjo/.m2/repository/org/slf4j/slf4j-api/2.0.17/slf4j-api-2.0.17.jar:/home/juanjo/.m2/repository/jakarta/xml/bind/jakarta.xml.bind-api/4.0.2/jakarta.xml.bind-api-4.0.2.jar:/home/juanjo/.m2/repository/jakarta/activation/jakarta.activation-api/2.1.3/jakarta.activation-api-2.1.3.jar:/home/juanjo/.m2/repository/net/minidev/json-smart/2.5.2/json-smart-2.5.2.jar:/home/juanjo/.m2/repository/net/minidev/accessors-smart/2.5.2/accessors-smart-2.5.2.jar:/home/juanjo/.m2/repository/org/ow2/asm/asm/9.7.1/asm-9.7.1.jar:/home/juanjo/.m2/repository/org/assertj/assertj-core/3.26.3/assertj-core-3.26.3.jar:/home/juanjo/.m2/repository/net/bytebuddy/byte-buddy/1.15.11/byte-buddy-1.15.11.jar:/home/juanjo/.m2/repository/org/awaitility/awaitility/4.2.2/awaitility-4.2.2.jar:/home/juanjo/.m2/repository/org/hamcrest/hamcrest/2.2/hamcrest-2.2.jar:/home/juanjo/.m2/repository/org/junit/jupiter/junit-jupiter/5.11.4/junit-jupiter-5.11.4.jar:/home/juanjo/.m2/repository/org/junit/jupiter/junit-jupiter-api/5.11.4/junit-jupiter-api-5.11.4.jar:/home/juanjo/.m2/repository/org/opentest4j/opentest4j/1.3.0/opentest4j-1.3.0.jar:/home/juanjo/.m2/repository/org/junit/platform/junit-platform-commons/1.11.4/junit-platform-commons-1.11.4.jar:/home/juanjo/.m2/repository/org/apiguardian/apiguardian-api/1.1.2/apiguardian-api-1.1.2.jar:/home/juanjo/.m2/repository/org/junit/jupiter/junit-jupiter-params/5.11.4/junit-jupiter-params-5.11.4.jar:/home/juanjo/.m2/repository/org/junit/jupiter/junit-jupiter-engine/5.11.4/junit-jupiter-engine-5.11.4.jar:/home/juanjo/.m2/repository/org/junit/platform/junit-platform-engine/1.11.4/junit-platform-engine-1.11.4.jar:/home/juanjo/.m2/repository/org/mockito/mockito-core/5.14.2/mockito-core-5.14.2.jar:/home/juanjo/.m2/repository/net/bytebuddy/byte-buddy-agent/1.15.11/byte-buddy-agent-1.15.11.jar:/home/juanjo/.m2/repository/org/objenesis/objenesis/3.3/objenesis-3.3.jar:/home/juanjo/.m2/repository/org/mockito/mockito-junit-jupiter/5.14.2/mockito-junit-jupiter-5.14.2.jar:/home/juanjo/.m2/repository/org/skyscreamer/jsonassert/1.5.3/jsonassert-1.5.3.jar:/home/juanjo/.m2/repository/com/vaadin/external/google/android-json/0.0.20131108.vaadin1/android-json-0.0.20131108.vaadin1.jar:/home/juanjo/.m2/repository/org/springframework/spring-core/6.2.6/spring-core-6.2.6.jar:/home/juanjo/.m2/repository/org/springframework/spring-jcl/6.2.6/spring-jcl-6.2.6.jar:/home/juanjo/.m2/repository/org/springframework/spring-test/6.2.6/spring-test-6.2.6.jar:/home/juanjo/.m2/repository/org/xmlunit/xmlunit-core/2.10.0/xmlunit-core-2.10.0.jar:/home/juanjo/.m2/repository/io/projectreactor/reactor-test/3.7.5/reactor-test-3.7.5.jar:/home/juanjo/.m2/repository/io/projectreactor/reactor-core/3.7.5/reactor-core-3.7.5.jar:/home/juanjo/.m2/repository/org/reactivestreams/reactive-streams/1.0.4/reactive-streams-1.0.4.jar:"/>
    <property name="sun.cpu.endian" value="little"/>
    <property name="user.home" value="/home/juanjo"/>
    <property name="user.language" value="es"/>
    <property name="java.specification.vendor" value="Oracle Corporation"/>
    <property name="java.version.date" value="2025-04-15"/>
    <property name="java.home" value="/home/juanjo/.jdks/ms-21.0.7"/>
    <property name="file.separator" value="/"/>
    <property name="basedir" value="/home/juanjo/IdeaProjects/microservicios-reactivos-webflux-kafka/03_microservicio-crud-productos-reactivo-tienda2"/>
    <property name="java.vm.compressedOopsMode" value="Zero based"/>
    <property name="line.separator" value="&#10;"/>
    <property name="java.vm.specification.vendor" value="Oracle Corporation"/>
    <property name="java.specification.name" value="Java Platform API Specification"/>
    <property name="FILE_LOG_CHARSET" value="UTF-8"/>
    <property name="java.awt.headless" value="true"/>
    <property name="surefire.real.class.path" value="/home/juanjo/IdeaProjects/microservicios-reactivos-webflux-kafka/03_microservicio-crud-productos-reactivo-tienda2/target/surefire/surefirebooter-20250511074220199_3.jar"/>
    <property name="sun.management.compiler" value="HotSpot 64-Bit Tiered Compilers"/>
    <property name="java.runtime.version" value="21.0.7+6-LTS"/>
    <property name="user.name" value="juanjo"/>
    <property name="stdout.encoding" value="UTF-8"/>
    <property name="path.separator" value=":"/>
    <property name="os.version" value="6.1.0-34-amd64"/>
    <property name="java.runtime.name" value="OpenJDK Runtime Environment"/>
    <property name="file.encoding" value="UTF-8"/>
    <property name="java.vm.name" value="OpenJDK 64-Bit Server VM"/>
    <property name="java.vendor.version" value="Microsoft-11369942"/>
    <property name="localRepository" value="/home/juanjo/.m2/repository"/>
    <property name="java.vendor.url.bug" value="https://github.com/microsoft/openjdk/issues"/>
    <property name="java.io.tmpdir" value="/tmp"/>
    <property name="idea.version" value="2025.1.1.1"/>
    <property name="java.version" value="21.0.7"/>
    <property name="user.dir" value="/home/juanjo/IdeaProjects/microservicios-reactivos-webflux-kafka/03_microservicio-crud-productos-reactivo-tienda2"/>
    <property name="os.arch" value="amd64"/>
    <property name="java.vm.specification.name" value="Java Virtual Machine Specification"/>
    <property name="PID" value="5045"/>
    <property name="CONSOLE_LOG_CHARSET" value="UTF-8"/>
    <property name="native.encoding" value="UTF-8"/>
    <property name="java.library.path" value="/usr/java/packages/lib:/usr/lib64:/lib64:/lib:/usr/lib"/>
    <property name="java.vm.info" value="mixed mode, sharing"/>
    <property name="stderr.encoding" value="UTF-8"/>
    <property name="java.vendor" value="Microsoft"/>
    <property name="java.vm.version" value="21.0.7+6-LTS"/>
    <property name="sun.io.unicode.encoding" value="UnicodeLittle"/>
    <property name="java.class.version" value="65.0"/>
    <property name="LOGGED_APPLICATION_NAME" value="[03_microservicio-crud-productos-reactivo] "/>
  </properties>
  <testcase name="testProductosCategoria" classname="inicio.ApplicationTests" time="4.933">
    <system-out><![CDATA[07:42:21.405 [main] INFO org.springframework.test.context.support.AnnotationConfigContextLoaderUtils -- Could not detect default configuration classes for test class [inicio.ApplicationTests]: ApplicationTests does not declare any static, non-private, non-final, nested classes annotated with @Configuration.
07:42:21.555 [main] INFO org.springframework.boot.test.context.SpringBootTestContextBootstrapper -- Found @SpringBootConfiguration inicio.Application for test class inicio.ApplicationTests

  .   ____          _            __ _ _
 /\\ / ___'_ __ _ _(_)_ __  __ _ \ \ \ \
( ( )\___ | '_ | '_| | '_ \/ _` | \ \ \ \
 \\/  ___)| |_)| | | | | || (_| |  ) ) ) )
  '  |____| .__|_| |_|_| |_\__, | / / / /
 =========|_|==============|___/=/_/_/_/

 :: Spring Boot ::                (v3.4.5)

2025-05-11T07:42:22.323+02:00  INFO 5045 --- [03_microservicio-crud-productos-reactivo] [           main] inicio.ApplicationTests                  : Starting ApplicationTests using Java 21.0.7 with PID 5045 (started by juanjo in /home/juanjo/IdeaProjects/microservicios-reactivos-webflux-kafka/03_microservicio-crud-productos-reactivo-tienda2)
2025-05-11T07:42:22.326+02:00  INFO 5045 --- [03_microservicio-crud-productos-reactivo] [           main] inicio.ApplicationTests                  : No active profile set, falling back to 1 default profile: "default"
2025-05-11T07:42:23.992+02:00  INFO 5045 --- [03_microservicio-crud-productos-reactivo] [           main] inicio.ApplicationTests                  : Started ApplicationTests in 2.212 seconds (process running for 3.628)
]]></system-out>
    <system-err><![CDATA[Mockito is currently self-attaching to enable the inline-mock-maker. This will no longer work in future releases of the JDK. Please add Mockito as an agent to your build what is described in Mockito's documentation: https://javadoc.io/doc/org.mockito/mockito-core/latest/org/mockito/Mockito.html#0.3
WARNING: A Java agent has been loaded dynamically (/home/juanjo/.m2/repository/net/bytebuddy/byte-buddy-agent/1.15.11/byte-buddy-agent-1.15.11.jar)
WARNING: If a serviceability tool is in use, please run with -XX:+EnableDynamicAgentLoading to hide this warning
WARNING: If a serviceability tool is not in use, please run with -Djdk.instrument.traceUsage for more information
WARNING: Dynamic loading of agents will be disallowed by default in a future release
]]></system-err>
  </testcase>
  <testcase name="testEliminarProducto" classname="inicio.ApplicationTests" time="2.008"/>
  <testcase name="testAltaProducto" classname="inicio.ApplicationTests" time="3.507"/>
  <testcase name="textCatalogo" classname="inicio.ApplicationTests" time="4.006"/>
</testsuite>